<?xml version="1.0" encoding="UTF-8"?>
<testsuite name="co.edu.javeriana.edu.modval.AdministrarCuentaApplicationTest" time="0.022" tests="1" errors="1" skipped="0" failures="0">
  <properties>
[...]
</properties>
  <testcase name="initializationError" classname="co.edu.javeriana.edu.modval.AdministrarCuentaApplicationTest" time="0.022">
    <error message="Unable to find a @SpringBootConfiguration, you need to use @ContextConfiguration or @SpringBootTest(classes=...) with your test" type="java.lang.IllegalStateException"><![CDATA[java.lang.IllegalStateException: Unable to find a @SpringBootConfiguration, you need to use @ContextConfiguration or @SpringBootTest(classes=...) with your test
	at org.springframework.util.Assert.state(Assert.java:70)
	at org.springframework.boot.test.context.SpringBootTestContextBootstrapper.getOrFindConfigurationClasses(SpringBootTestContextBootstrapper.java:173)
	at org.springframework.boot.test.context.SpringBootTestContextBootstrapper.processMergedContextConfiguration(SpringBootTestContextBootstrapper.java:133)
	at org.springframework.test.context.support.AbstractTestContextBootstrapper.buildMergedContextConfiguration(AbstractTestContextBootstrapper.java:409)
	at org.springframework.test.context.support.AbstractTestContextBootstrapper.buildDefaultMergedContextConfiguration(AbstractTestContextBootstrapper.java:323)
	at org.springframework.test.context.support.AbstractTestContextBootstrapper.buildMergedContextConfiguration(AbstractTestContextBootstrapper.java:277)
	at org.springframework.test.context.support.AbstractTestContextBootstrapper.buildTestContext(AbstractTestContextBootstrapper.java:112)
	at org.springframework.boot.test.context.SpringBootTestContextBootstrapper.buildTestContext(SpringBootTestContextBootstrapper.java:78)
	at org.springframework.test.context.TestContextManager.<init>(TestContextManager.java:120)
	at org.springframework.test.context.TestContextManager.<init>(TestContextManager.java:105)
	at org.springframework.test.context.junit4.SpringJUnit4ClassRunner.createTestContextManager(SpringJUnit4ClassRunner.java:152)
	at org.springframework.test.context.junit4.SpringJUnit4ClassRunner.<init>(SpringJUnit4ClassRunner.java:143)
	at org.springframework.test.context.junit4.SpringRunner.<init>(SpringRunner.java:49)
	at sun.reflect.NativeConstructorAccessorImpl.newInstance0(Native Method)
	at sun.reflect.NativeConstructorAccessorImpl.newInstance(NativeConstructorAccessorImpl.java:62)
	at sun.reflect.DelegatingConstructorAccessorImpl.newInstance(DelegatingConstructorAccessorImpl.java:45)
	at java.lang.reflect.Constructor.newInstance(Constructor.java:423)
	at org.junit.internal.builders.AnnotatedBuilder.buildRunner(AnnotatedBuilder.java:104)
	at org.junit.internal.builders.AnnotatedBuilder.runnerForClass(AnnotatedBuilder.java:86)
	at org.junit.runners.model.RunnerBuilder.safeRunnerForClass(RunnerBuilder.java:59)
	at org.junit.internal.builders.AllDefaultPossibilitiesBuilder.runnerForClass(AllDefaultPossibilitiesBuilder.java:26)
	at org.junit.runners.model.RunnerBuilder.safeRunnerForClass(RunnerBuilder.java:59)
	at org.junit.internal.requests.ClassRequest.getRunner(ClassRequest.java:33)
	at org.apache.maven.surefire.junit4.JUnit4Provider.execute(JUnit4Provider.java:283)
	at org.apache.maven.surefire.junit4.JUnit4Provider.executeWithRerun(JUnit4Provider.java:173)
	at org.apache.maven.surefire.junit4.JUnit4Provider.executeTestSet(JUnit4Provider.java:153)
	at org.apache.maven.surefire.junit4.JUnit4Provider.invoke(JUnit4Provider.java:128)
	at org.apache.maven.surefire.booter.ForkedBooter.invokeProviderInSameClassLoader(ForkedBooter.java:203)
	at org.apache.maven.surefire.booter.ForkedBooter.runSuitesInProcess(ForkedBooter.java:155)
	at org.apache.maven.surefire.booter.ForkedBooter.main(ForkedBooter.java:103)
]]></error>
    <system-out><![CDATA[11:03:28.580 [main] DEBUG org.springframework.test.context.junit4.SpringJUnit4ClassRunner - SpringJUnit4ClassRunner constructor called with [class co.edu.javeriana.edu.modval.AdministrarCuentaApplicationTest]
11:03:28.586 [main] DEBUG org.springframework.test.context.BootstrapUtils - Instantiating CacheAwareContextLoaderDelegate from class [org.springframework.test.context.cache.DefaultCacheAwareContextLoaderDelegate]
11:03:28.601 [main] DEBUG org.springframework.test.context.BootstrapUtils - Instantiating BootstrapContext using constructor [public org.springframework.test.context.support.DefaultBootstrapContext(java.lang.Class,org.springframework.test.context.CacheAwareContextLoaderDelegate)]
11:03:28.623 [main] DEBUG org.springframework.test.context.BootstrapUtils - Instantiating TestContextBootstrapper for test class [co.edu.javeriana.edu.modval.AdministrarCuentaApplicationTest] from class [org.springframework.boot.test.context.SpringBootTestContextBootstrapper]
11:03:28.641 [main] INFO org.springframework.boot.test.context.SpringBootTestContextBootstrapper - Neither @ContextConfiguration nor @ContextHierarchy found for test class [co.edu.javeriana.edu.modval.AdministrarCuentaApplicationTest], using SpringBootContextLoader
11:03:28.645 [main] DEBUG org.springframework.test.context.support.AbstractContextLoader - Did not detect default resource location for test class [co.edu.javeriana.edu.modval.AdministrarCuentaApplicationTest]: class path resource [co/edu/javeriana/edu/modval/AdministrarCuentaApplicationTest-context.xml] does not exist
11:03:28.645 [main] DEBUG org.springframework.test.context.support.AbstractContextLoader - Did not detect default resource location for test class [co.edu.javeriana.edu.modval.AdministrarCuentaApplicationTest]: class path resource [co/edu/javeriana/edu/modval/AdministrarCuentaApplicationTestContext.groovy] does not exist
11:03:28.645 [main] INFO org.springframework.test.context.support.AbstractContextLoader - Could not detect default resource locations for test class [co.edu.javeriana.edu.modval.AdministrarCuentaApplicationTest]: no resource found for suffixes {-context.xml, Context.groovy}.
11:03:28.646 [main] INFO org.springframework.test.context.support.AnnotationConfigContextLoaderUtils - Could not detect default configuration classes for test class [co.edu.javeriana.edu.modval.AdministrarCuentaApplicationTest]: AdministrarCuentaApplicationTest does not declare any static, non-private, non-final, nested classes annotated with @Configuration.
11:03:28.687 [main] DEBUG org.springframework.test.context.support.ActiveProfilesUtils - Could not find an 'annotation declaring class' for annotation type [org.springframework.test.context.ActiveProfiles] and class [co.edu.javeriana.edu.modval.AdministrarCuentaApplicationTest]
11:03:28.697 [main] DEBUG org.springframework.core.env.StandardEnvironment - Adding [systemProperties] PropertySource with lowest search precedence
11:03:28.697 [main] DEBUG org.springframework.core.env.StandardEnvironment - Adding [systemEnvironment] PropertySource with lowest search precedence
11:03:28.698 [main] DEBUG org.springframework.core.env.StandardEnvironment - Initialized StandardEnvironment with PropertySources [systemProperties,systemEnvironment]
11:03:28.712 [main] DEBUG org.springframework.core.io.support.PathMatchingResourcePatternResolver - Resolved classpath location [co/edu/javeriana/edu/modval/] to resources [URL [file:/E:/fjrodriguez/5.%20Software/Patrones/Validacion/git/AdministrarCuenta/target/test-classes/co/edu/javeriana/edu/modval/]]
11:03:28.712 [main] DEBUG org.springframework.core.io.support.PathMatchingResourcePatternResolver - Looking for matching resources in directory tree [E:\fjrodriguez\5. Software\Patrones\Validacion\git\AdministrarCuenta\target\test-classes\co\edu\javeriana\edu\modval]
11:03:28.712 [main] DEBUG org.springframework.core.io.support.PathMatchingResourcePatternResolver - Searching directory [E:\fjrodriguez\5. Software\Patrones\Validacion\git\AdministrarCuenta\target\test-classes\co\edu\javeriana\edu\modval] for files matching pattern [E:/fjrodriguez/5. Software/Patrones/Validacion/git/AdministrarCuenta/target/test-classes/co/edu/javeriana/edu/modval/*.class]
11:03:28.715 [main] DEBUG org.springframework.core.io.support.PathMatchingResourcePatternResolver - Resolved location pattern [classpath*:co/edu/javeriana/edu/modval/*.class] to resources [file [E:\fjrodriguez\5. Software\Patrones\Validacion\git\AdministrarCuenta\target\test-classes\co\edu\javeriana\edu\modval\AdministrarCuentaApplicationTest.class]]
11:03:28.732 [main] DEBUG org.springframework.core.io.support.PathMatchingResourcePatternResolver - Resolved classpath location [co/edu/javeriana/edu/] to resources [URL [file:/E:/fjrodriguez/5.%20Software/Patrones/Validacion/git/AdministrarCuenta/target/test-classes/co/edu/javeriana/edu/]]
11:03:28.732 [main] DEBUG org.springframework.core.io.support.PathMatchingResourcePatternResolver - Looking for matching resources in directory tree [E:\fjrodriguez\5. Software\Patrones\Validacion\git\AdministrarCuenta\target\test-classes\co\edu\javeriana\edu]
11:03:28.733 [main] DEBUG org.springframework.core.io.support.PathMatchingResourcePatternResolver - Searching directory [E:\fjrodriguez\5. Software\Patrones\Validacion\git\AdministrarCuenta\target\test-classes\co\edu\javeriana\edu] for files matching pattern [E:/fjrodriguez/5. Software/Patrones/Validacion/git/AdministrarCuenta/target/test-classes/co/edu/javeriana/edu/*.class]
11:03:28.733 [main] DEBUG org.springframework.core.io.support.PathMatchingResourcePatternResolver - Resolved location pattern [classpath*:co/edu/javeriana/edu/*.class] to resources []
11:03:28.733 [main] DEBUG org.springframework.core.io.support.PathMatchingResourcePatternResolver - Resolved classpath location [co/edu/javeriana/] to resources [URL [file:/E:/fjrodriguez/5.%20Software/Patrones/Validacion/git/AdministrarCuenta/target/test-classes/co/edu/javeriana/], URL [file:/E:/fjrodriguez/5.%20Software/Patrones/Validacion/git/AdministrarCuenta/target/classes/co/edu/javeriana/]]
11:03:28.733 [main] DEBUG org.springframework.core.io.support.PathMatchingResourcePatternResolver - Looking for matching resources in directory tree [E:\fjrodriguez\5. Software\Patrones\Validacion\git\AdministrarCuenta\target\test-classes\co\edu\javeriana]
11:03:28.734 [main] DEBUG org.springframework.core.io.support.PathMatchingResourcePatternResolver - Searching directory [E:\fjrodriguez\5. Software\Patrones\Validacion\git\AdministrarCuenta\target\test-classes\co\edu\javeriana] for files matching pattern [E:/fjrodriguez/5. Software/Patrones/Validacion/git/AdministrarCuenta/target/test-classes/co/edu/javeriana/*.class]
11:03:28.734 [main] DEBUG org.springframework.core.io.support.PathMatchingResourcePatternResolver - Looking for matching resources in directory tree [E:\fjrodriguez\5. Software\Patrones\Validacion\git\AdministrarCuenta\target\classes\co\edu\javeriana]
11:03:28.734 [main] DEBUG org.springframework.core.io.support.PathMatchingResourcePatternResolver - Searching directory [E:\fjrodriguez\5. Software\Patrones\Validacion\git\AdministrarCuenta\target\classes\co\edu\javeriana] for files matching pattern [E:/fjrodriguez/5. Software/Patrones/Validacion/git/AdministrarCuenta/target/classes/co/edu/javeriana/*.class]
11:03:28.735 [main] DEBUG org.springframework.core.io.support.PathMatchingResourcePatternResolver - Resolved location pattern [classpath*:co/edu/javeriana/*.class] to resources []
11:03:28.735 [main] DEBUG org.springframework.core.io.support.PathMatchingResourcePatternResolver - Resolved classpath location [co/edu/] to resources [URL [file:/E:/fjrodriguez/5.%20Software/Patrones/Validacion/git/AdministrarCuenta/target/test-classes/co/edu/], URL [file:/E:/fjrodriguez/5.%20Software/Patrones/Validacion/git/AdministrarCuenta/target/classes/co/edu/]]
11:03:28.736 [main] DEBUG org.springframework.core.io.support.PathMatchingResourcePatternResolver - Looking for matching resources in directory tree [E:\fjrodriguez\5. Software\Patrones\Validacion\git\AdministrarCuenta\target\test-classes\co\edu]
11:03:28.736 [main] DEBUG org.springframework.core.io.support.PathMatchingResourcePatternResolver - Searching directory [E:\fjrodriguez\5. Software\Patrones\Validacion\git\AdministrarCuenta\target\test-classes\co\edu] for files matching pattern [E:/fjrodriguez/5. Software/Patrones/Validacion/git/AdministrarCuenta/target/test-classes/co/edu/*.class]
11:03:28.736 [main] DEBUG org.springframework.core.io.support.PathMatchingResourcePatternResolver - Looking for matching resources in directory tree [E:\fjrodriguez\5. Software\Patrones\Validacion\git\AdministrarCuenta\target\classes\co\edu]
11:03:28.737 [main] DEBUG org.springframework.core.io.support.PathMatchingResourcePatternResolver - Searching directory [E:\fjrodriguez\5. Software\Patrones\Validacion\git\AdministrarCuenta\target\classes\co\edu] for files matching pattern [E:/fjrodriguez/5. Software/Patrones/Validacion/git/AdministrarCuenta/target/classes/co/edu/*.class]
11:03:28.737 [main] DEBUG org.springframework.core.io.support.PathMatchingResourcePatternResolver - Resolved location pattern [classpath*:co/edu/*.class] to resources []
11:03:28.737 [main] DEBUG org.springframework.core.io.support.PathMatchingResourcePatternResolver - Resolved classpath location [co/] to resources [URL [file:/E:/fjrodriguez/5.%20Software/Patrones/Validacion/git/AdministrarCuenta/target/test-classes/co/], URL [file:/E:/fjrodriguez/5.%20Software/Patrones/Validacion/git/AdministrarCuenta/target/classes/co/]]
11:03:28.738 [main] DEBUG org.springframework.core.io.support.PathMatchingResourcePatternResolver - Looking for matching resources in directory tree [E:\fjrodriguez\5. Software\Patrones\Validacion\git\AdministrarCuenta\target\test-classes\co]
11:03:28.738 [main] DEBUG org.springframework.core.io.support.PathMatchingResourcePatternResolver - Searching directory [E:\fjrodriguez\5. Software\Patrones\Validacion\git\AdministrarCuenta\target\test-classes\co] for files matching pattern [E:/fjrodriguez/5. Software/Patrones/Validacion/git/AdministrarCuenta/target/test-classes/co/*.class]
11:03:28.738 [main] DEBUG org.springframework.core.io.support.PathMatchingResourcePatternResolver - Looking for matching resources in directory tree [E:\fjrodriguez\5. Software\Patrones\Validacion\git\AdministrarCuenta\target\classes\co]
11:03:28.738 [main] DEBUG org.springframework.core.io.support.PathMatchingResourcePatternResolver - Searching directory [E:\fjrodriguez\5. Software\Patrones\Validacion\git\AdministrarCuenta\target\classes\co] for files matching pattern [E:/fjrodriguez/5. Software/Patrones/Validacion/git/AdministrarCuenta/target/classes/co/*.class]
11:03:28.739 [main] DEBUG org.springframework.core.io.support.PathMatchingResourcePatternResolver - Resolved location pattern [classpath*:co/*.class] to resources []
11:03:28.743 [main] DEBUG org.springframework.test.context.junit4.SpringJUnit4ClassRunner - SpringJUnit4ClassRunner constructor called with [class co.edu.javeriana.edu.modval.AdministrarCuentaApplicationTest]
11:03:28.743 [main] DEBUG org.springframework.test.context.BootstrapUtils - Instantiating CacheAwareContextLoaderDelegate from class [org.springframework.test.context.cache.DefaultCacheAwareContextLoaderDelegate]
11:03:28.743 [main] DEBUG org.springframework.test.context.BootstrapUtils - Instantiating BootstrapContext using constructor [public org.springframework.test.context.support.DefaultBootstrapContext(java.lang.Class,org.springframework.test.context.CacheAwareContextLoaderDelegate)]
11:03:28.744 [main] DEBUG org.springframework.test.context.BootstrapUtils - Instantiating TestContextBootstrapper for test class [co.edu.javeriana.edu.modval.AdministrarCuentaApplicationTest] from class [org.springframework.boot.test.context.SpringBootTestContextBootstrapper]
11:03:28.744 [main] INFO org.springframework.boot.test.context.SpringBootTestContextBootstrapper - Neither @ContextConfiguration nor @ContextHierarchy found for test class [co.edu.javeriana.edu.modval.AdministrarCuentaApplicationTest], using SpringBootContextLoader
11:03:28.745 [main] DEBUG org.springframework.test.context.support.AbstractContextLoader - Did not detect default resource location for test class [co.edu.javeriana.edu.modval.AdministrarCuentaApplicationTest]: class path resource [co/edu/javeriana/edu/modval/AdministrarCuentaApplicationTest-context.xml] does not exist
11:03:28.745 [main] DEBUG org.springframework.test.context.support.AbstractContextLoader - Did not detect default resource location for test class [co.edu.javeriana.edu.modval.AdministrarCuentaApplicationTest]: class path resource [co/edu/javeriana/edu/modval/AdministrarCuentaApplicationTestContext.groovy] does not exist
11:03:28.746 [main] INFO org.springframework.test.context.support.AbstractContextLoader - Could not detect default resource locations for test class [co.edu.javeriana.edu.modval.AdministrarCuentaApplicationTest]: no resource found for suffixes {-context.xml, Context.groovy}.
11:03:28.746 [main] INFO org.springframework.test.context.support.AnnotationConfigContextLoaderUtils - Could not detect default configuration classes for test class [co.edu.javeriana.edu.modval.AdministrarCuentaApplicationTest]: AdministrarCuentaApplicationTest does not declare any static, non-private, non-final, nested classes annotated with @Configuration.
11:03:28.751 [main] DEBUG org.springframework.test.context.support.ActiveProfilesUtils - Could not find an 'annotation declaring class' for annotation type [org.springframework.test.context.ActiveProfiles] and class [co.edu.javeriana.edu.modval.AdministrarCuentaApplicationTest]
11:03:28.752 [main] DEBUG org.springframework.core.env.StandardEnvironment - Adding [systemProperties] PropertySource with lowest search precedence
11:03:28.752 [main] DEBUG org.springframework.core.env.StandardEnvironment - Adding [systemEnvironment] PropertySource with lowest search precedence
11:03:28.752 [main] DEBUG org.springframework.core.env.StandardEnvironment - Initialized StandardEnvironment with PropertySources [systemProperties,systemEnvironment]
11:03:28.752 [main] DEBUG org.springframework.core.io.support.PathMatchingResourcePatternResolver - Resolved classpath location [co/edu/javeriana/edu/modval/] to resources [URL [file:/E:/fjrodriguez/5.%20Software/Patrones/Validacion/git/AdministrarCuenta/target/test-classes/co/edu/javeriana/edu/modval/]]
11:03:28.753 [main] DEBUG org.springframework.core.io.support.PathMatchingResourcePatternResolver - Looking for matching resources in directory tree [E:\fjrodriguez\5. Software\Patrones\Validacion\git\AdministrarCuenta\target\test-classes\co\edu\javeriana\edu\modval]
11:03:28.753 [main] DEBUG org.springframework.core.io.support.PathMatchingResourcePatternResolver - Searching directory [E:\fjrodriguez\5. Software\Patrones\Validacion\git\AdministrarCuenta\target\test-classes\co\edu\javeriana\edu\modval] for files matching pattern [E:/fjrodriguez/5. Software/Patrones/Validacion/git/AdministrarCuenta/target/test-classes/co/edu/javeriana/edu/modval/*.class]
11:03:28.754 [main] DEBUG org.springframework.core.io.support.PathMatchingResourcePatternResolver - Resolved location pattern [classpath*:co/edu/javeriana/edu/modval/*.class] to resources [file [E:\fjrodriguez\5. Software\Patrones\Validacion\git\AdministrarCuenta\target\test-classes\co\edu\javeriana\edu\modval\AdministrarCuentaApplicationTest.class]]
11:03:28.756 [main] DEBUG org.springframework.core.io.support.PathMatchingResourcePatternResolver - Resolved classpath location [co/edu/javeriana/edu/] to resources [URL [file:/E:/fjrodriguez/5.%20Software/Patrones/Validacion/git/AdministrarCuenta/target/test-classes/co/edu/javeriana/edu/]]
11:03:28.756 [main] DEBUG org.springframework.core.io.support.PathMatchingResourcePatternResolver - Looking for matching resources in directory tree [E:\fjrodriguez\5. Software\Patrones\Validacion\git\AdministrarCuenta\target\test-classes\co\edu\javeriana\edu]
11:03:28.756 [main] DEBUG org.springframework.core.io.support.PathMatchingResourcePatternResolver - Searching directory [E:\fjrodriguez\5. Software\Patrones\Validacion\git\AdministrarCuenta\target\test-classes\co\edu\javeriana\edu] for files matching pattern [E:/fjrodriguez/5. Software/Patrones/Validacion/git/AdministrarCuenta/target/test-classes/co/edu/javeriana/edu/*.class]
11:03:28.757 [main] DEBUG org.springframework.core.io.support.PathMatchingResourcePatternResolver - Resolved location pattern [classpath*:co/edu/javeriana/edu/*.class] to resources []
11:03:28.757 [main] DEBUG org.springframework.core.io.support.PathMatchingResourcePatternResolver - Resolved classpath location [co/edu/javeriana/] to resources [URL [file:/E:/fjrodriguez/5.%20Software/Patrones/Validacion/git/AdministrarCuenta/target/test-classes/co/edu/javeriana/], URL [file:/E:/fjrodriguez/5.%20Software/Patrones/Validacion/git/AdministrarCuenta/target/classes/co/edu/javeriana/]]
11:03:28.757 [main] DEBUG org.springframework.core.io.support.PathMatchingResourcePatternResolver - Looking for matching resources in directory tree [E:\fjrodriguez\5. Software\Patrones\Validacion\git\AdministrarCuenta\target\test-classes\co\edu\javeriana]
11:03:28.758 [main] DEBUG org.springframework.core.io.support.PathMatchingResourcePatternResolver - Searching directory [E:\fjrodriguez\5. Software\Patrones\Validacion\git\AdministrarCuenta\target\test-classes\co\edu\javeriana] for files matching pattern [E:/fjrodriguez/5. Software/Patrones/Validacion/git/AdministrarCuenta/target/test-classes/co/edu/javeriana/*.class]
11:03:28.758 [main] DEBUG org.springframework.core.io.support.PathMatchingResourcePatternResolver - Looking for matching resources in directory tree [E:\fjrodriguez\5. Software\Patrones\Validacion\git\AdministrarCuenta\target\classes\co\edu\javeriana]
11:03:28.758 [main] DEBUG org.springframework.core.io.support.PathMatchingResourcePatternResolver - Searching directory [E:\fjrodriguez\5. Software\Patrones\Validacion\git\AdministrarCuenta\target\classes\co\edu\javeriana] for files matching pattern [E:/fjrodriguez/5. Software/Patrones/Validacion/git/AdministrarCuenta/target/classes/co/edu/javeriana/*.class]
11:03:28.759 [main] DEBUG org.springframework.core.io.support.PathMatchingResourcePatternResolver - Resolved location pattern [classpath*:co/edu/javeriana/*.class] to resources []
11:03:28.759 [main] DEBUG org.springframework.core.io.support.PathMatchingResourcePatternResolver - Resolved classpath location [co/edu/] to resources [URL [file:/E:/fjrodriguez/5.%20Software/Patrones/Validacion/git/AdministrarCuenta/target/test-classes/co/edu/], URL [file:/E:/fjrodriguez/5.%20Software/Patrones/Validacion/git/AdministrarCuenta/target/classes/co/edu/]]
11:03:28.759 [main] DEBUG org.springframework.core.io.support.PathMatchingResourcePatternResolver - Looking for matching resources in directory tree [E:\fjrodriguez\5. Software\Patrones\Validacion\git\AdministrarCuenta\target\test-classes\co\edu]
11:03:28.759 [main] DEBUG org.springframework.core.io.support.PathMatchingResourcePatternResolver - Searching directory [E:\fjrodriguez\5. Software\Patrones\Validacion\git\AdministrarCuenta\target\test-classes\co\edu] for files matching pattern [E:/fjrodriguez/5. Software/Patrones/Validacion/git/AdministrarCuenta/target/test-classes/co/edu/*.class]
11:03:28.760 [main] DEBUG org.springframework.core.io.support.PathMatchingResourcePatternResolver - Looking for matching resources in directory tree [E:\fjrodriguez\5. Software\Patrones\Validacion\git\AdministrarCuenta\target\classes\co\edu]
11:03:28.760 [main] DEBUG org.springframework.core.io.support.PathMatchingResourcePatternResolver - Searching directory [E:\fjrodriguez\5. Software\Patrones\Validacion\git\AdministrarCuenta\target\classes\co\edu] for files matching pattern [E:/fjrodriguez/5. Software/Patrones/Validacion/git/AdministrarCuenta/target/classes/co/edu/*.class]
11:03:28.761 [main] DEBUG org.springframework.core.io.support.PathMatchingResourcePatternResolver - Resolved location pattern [classpath*:co/edu/*.class] to resources []
11:03:28.761 [main] DEBUG org.springframework.core.io.support.PathMatchingResourcePatternResolver - Resolved classpath location [co/] to resources [URL [file:/E:/fjrodriguez/5.%20Software/Patrones/Validacion/git/AdministrarCuenta/target/test-classes/co/], URL [file:/E:/fjrodriguez/5.%20Software/Patrones/Validacion/git/AdministrarCuenta/target/classes/co/]]
11:03:28.762 [main] DEBUG org.springframework.core.io.support.PathMatchingResourcePatternResolver - Looking for matching resources in directory tree [E:\fjrodriguez\5. Software\Patrones\Validacion\git\AdministrarCuenta\target\test-classes\co]
11:03:28.762 [main] DEBUG org.springframework.core.io.support.PathMatchingResourcePatternResolver - Searching directory [E:\fjrodriguez\5. Software\Patrones\Validacion\git\AdministrarCuenta\target\test-classes\co] for files matching pattern [E:/fjrodriguez/5. Software/Patrones/Validacion/git/AdministrarCuenta/target/test-classes/co/*.class]
11:03:28.762 [main] DEBUG org.springframework.core.io.support.PathMatchingResourcePatternResolver - Looking for matching resources in directory tree [E:\fjrodriguez\5. Software\Patrones\Validacion\git\AdministrarCuenta\target\classes\co]
11:03:28.762 [main] DEBUG org.springframework.core.io.support.PathMatchingResourcePatternResolver - Searching directory [E:\fjrodriguez\5. Software\Patrones\Validacion\git\AdministrarCuenta\target\classes\co] for files matching pattern [E:/fjrodriguez/5. Software/Patrones/Validacion/git/AdministrarCuenta/target/classes/co/*.class]
11:03:28.763 [main] DEBUG org.springframework.core.io.support.PathMatchingResourcePatternResolver - Resolved location pattern [classpath*:co/*.class] to resources []
]]></system-out>
  </testcase>
</testsuite>